\BOOKMARK [1][-]{section.1}{\376\377\000D\000o\000c\000u\000m\000e\000n\000t\000\040\000S\000t\000r\000u\000c\000t\000u\000u\000r}{}% 1
\BOOKMARK [1][-]{section.2}{\376\377\000T\000e\000k\000s\000t\000\040\000O\000p\000m\000a\000a\000k}{}% 2
\BOOKMARK [2][-]{subsection.2.1}{\376\377\000B\000a\000s\000i\000s\000\040\000S\000t\000i\000j\000l\000e\000n}{section.2}% 3
\BOOKMARK [2][-]{subsection.2.2}{\376\377\000C\000o\000m\000b\000i\000n\000e\000r\000e\000n}{section.2}% 4
\BOOKMARK [2][-]{subsection.2.3}{\376\377\000L\000e\000t\000t\000e\000r\000g\000r\000o\000o\000t\000t\000e\000s}{section.2}% 5
\BOOKMARK [2][-]{subsection.2.4}{\376\377\000U\000i\000t\000l\000i\000j\000n\000i\000n\000g}{section.2}% 6
\BOOKMARK [2][-]{subsection.2.5}{\376\377\000K\000l\000e\000u\000r\000e\000n\000\040\000\050\000m\000e\000t\000\040\000s\000c\000h\000o\000o\000l\000-\000m\000a\000c\000r\000o\000s\000\051}{section.2}% 7
\BOOKMARK [1][-]{section.3}{\376\377\000W\000i\000s\000k\000u\000n\000d\000e\000\040\000M\000o\000d\000u\000s\000\040\040\024\000\040\000B\000a\000s\000i\000s}{}% 8
\BOOKMARK [2][-]{subsection.3.1}{\376\377\000I\000n\000l\000i\000n\000e\000\040\000v\000s\000\040\000D\000i\000s\000p\000l\000a\000y}{section.3}% 9
\BOOKMARK [2][-]{subsection.3.2}{\376\377\000S\000u\000p\000e\000r\000s\000c\000r\000i\000p\000t\000\040\000e\000n\000\040\000S\000u\000b\000s\000c\000r\000i\000p\000t}{section.3}% 10
\BOOKMARK [2][-]{subsection.3.3}{\376\377\000G\000r\000i\000e\000k\000s\000e\000\040\000L\000e\000t\000t\000e\000r\000s}{section.3}% 11
\BOOKMARK [2][-]{subsection.3.4}{\376\377\000V\000e\000e\000l\000g\000e\000b\000r\000u\000i\000k\000t\000e\000\040\000S\000y\000m\000b\000o\000l\000e\000n}{section.3}% 12
\BOOKMARK [1][-]{section.4}{\376\377\000W\000i\000s\000k\000u\000n\000d\000e\000\040\040\024\000\040\000F\000o\000r\000m\000u\000l\000e\000s}{}% 13
\BOOKMARK [2][-]{subsection.4.1}{\376\377\000B\000r\000e\000u\000k\000e\000n}{section.4}% 14
\BOOKMARK [2][-]{subsection.4.2}{\376\377\000W\000o\000r\000t\000e\000l\000s}{section.4}% 15
\BOOKMARK [2][-]{subsection.4.3}{\376\377\000B\000o\000x\000e\000d\000\040\040\024\000\040\000B\000e\000l\000a\000n\000g\000r\000i\000j\000k\000e\000\040\000F\000o\000r\000m\000u\000l\000e\000s}{section.4}% 16
\BOOKMARK [2][-]{subsection.4.4}{\376\377\000S\000o\000m\000m\000a\000t\000i\000e\000s\000\040\000e\000n\000\040\000I\000n\000t\000e\000g\000r\000a\000l\000e\000n}{section.4}% 17
\BOOKMARK [2][-]{subsection.4.5}{\376\377\000L\000i\000m\000i\000e\000t\000e\000n}{section.4}% 18
\BOOKMARK [2][-]{subsection.4.6}{\376\377\000M\000a\000t\000r\000i\000c\000e\000s}{section.4}% 19
\BOOKMARK [2][-]{subsection.4.7}{\376\377\000M\000e\000e\000r\000d\000e\000r\000e\000\040\000V\000e\000r\000g\000e\000l\000i\000j\000k\000i\000n\000g\000e\000n\000\040\000\050\000a\000l\000i\000g\000n\000\051}{section.4}% 20
\BOOKMARK [2][-]{subsection.4.8}{\376\377\000G\000e\000v\000a\000l\000l\000e\000n\000\040\000\050\000c\000a\000s\000e\000s\000\051}{section.4}% 21
\BOOKMARK [1][-]{section.5}{\376\377\000L\000i\000j\000s\000t\000e\000n}{}% 22
\BOOKMARK [2][-]{subsection.5.1}{\376\377\000O\000p\000s\000o\000m\000m\000i\000n\000g\000\040\000\050\000b\000u\000l\000l\000e\000t\000s\000\051}{section.5}% 23
\BOOKMARK [2][-]{subsection.5.2}{\376\377\000G\000e\000n\000u\000m\000m\000e\000r\000d}{section.5}% 24
\BOOKMARK [2][-]{subsection.5.3}{\376\377\000B\000e\000s\000c\000h\000r\000i\000j\000v\000i\000n\000g}{section.5}% 25
\BOOKMARK [1][-]{section.6}{\376\377\000T\000a\000b\000e\000l\000l\000e\000n}{}% 26
\BOOKMARK [2][-]{subsection.6.1}{\376\377\000B\000a\000s\000i\000s\000\040\000T\000a\000b\000e\000l}{section.6}% 27
\BOOKMARK [2][-]{subsection.6.2}{\376\377\000P\000r\000o\000f\000e\000s\000s\000i\000o\000n\000e\000l\000e\000\040\000T\000a\000b\000e\000l\000\040\000\050\000b\000o\000o\000k\000t\000a\000b\000s\000\051}{section.6}% 28
\BOOKMARK [2][-]{subsection.6.3}{\376\377\000B\000r\000e\000d\000e\000\040\000T\000a\000b\000e\000l\000\040\000\050\000t\000a\000b\000u\000l\000a\000r\000x\000\051}{section.6}% 29
\BOOKMARK [1][-]{section.7}{\376\377\000G\000r\000a\000f\000i\000e\000k\000e\000n\000\040\000m\000e\000t\000\040\000T\000i\000k\000Z\000/\000P\000G\000F\000P\000l\000o\000t\000s}{}% 30
\BOOKMARK [2][-]{subsection.7.1}{\376\377\000F\000u\000n\000c\000t\000i\000e\000\040\000P\000l\000o\000t}{section.7}% 31
\BOOKMARK [2][-]{subsection.7.2}{\376\377\000D\000a\000t\000a\000\040\000P\000l\000o\000t\000\040\000m\000e\000t\000\040\000P\000u\000n\000t\000e\000n}{section.7}% 32
\BOOKMARK [2][-]{subsection.7.3}{\376\377\000S\000i\000m\000p\000e\000l\000e\000\040\000T\000i\000k\000Z\000\040\000F\000i\000g\000u\000u\000r}{section.7}% 33
\BOOKMARK [1][-]{section.8}{\376\377\000F\000i\000g\000u\000r\000e\000n}{}% 34
\BOOKMARK [2][-]{subsection.8.1}{\376\377\000S\000t\000a\000n\000d\000a\000a\000r\000d\000\040\000F\000i\000g\000u\000u\000r}{section.8}% 35
\BOOKMARK [2][-]{subsection.8.2}{\376\377\000S\000n\000e\000l\000l\000e\000\040\000M\000a\000c\000r\000o\000'\000s\000\040\000\050\000s\000c\000h\000o\000o\000l\000-\000m\000a\000c\000r\000o\000s\000\051}{section.8}% 36
\BOOKMARK [1][-]{section.9}{\376\377\000S\000p\000e\000c\000i\000a\000l\000e\000\040\000B\000o\000x\000e\000s\000\040\000\050\000s\000c\000h\000o\000o\000l\000-\000m\000a\000c\000r\000o\000s\000\051}{}% 37
\BOOKMARK [2][-]{subsection.9.1}{\376\377\000C\000o\000n\000c\000e\000p\000t\000b\000o\000x\000\040\040\024\000\040\000D\000e\000f\000i\000n\000i\000t\000i\000e\000s}{section.9}% 38
\BOOKMARK [2][-]{subsection.9.2}{\376\377\000W\000a\000r\000n\000i\000n\000g\000b\000o\000x\000\040\040\024\000\040\000W\000a\000a\000r\000s\000c\000h\000u\000w\000i\000n\000g\000e\000n}{section.9}% 39
\BOOKMARK [2][-]{subsection.9.3}{\376\377\000O\000e\000f\000e\000n\000b\000l\000o\000k\000\040\040\024\000\040\000O\000e\000f\000e\000n\000i\000n\000g\000e\000n}{section.9}% 40
\BOOKMARK [2][-]{subsection.9.4}{\376\377\000E\000x\000a\000m\000e\000n\000b\000o\000x\000\040\040\024\000\040\000E\000x\000a\000m\000t\000i\000p\000s}{section.9}% 41
\BOOKMARK [1][-]{section.10}{\376\377\000F\000o\000r\000m\000u\000l\000e\000\040\000M\000a\000c\000r\000o\000\040\000\050\000\134\000f\000r\000m\000\051}{}% 42
\BOOKMARK [1][-]{section.11}{\376\377\000S\000y\000m\000b\000o\000o\000l\000\040\000R\000e\000g\000i\000s\000t\000r\000a\000t\000i\000e\000\040\000\050\000\134\000s\000y\000m\000\051}{}% 43
\BOOKMARK [1][-]{section.12}{\376\377\000W\000i\000s\000k\000u\000n\000d\000e\000\040\000S\000h\000o\000r\000t\000c\000u\000t\000s\000\040\000\050\000s\000c\000h\000o\000o\000l\000-\000m\000a\000c\000r\000o\000s\000\051}{}% 44
\BOOKMARK [2][-]{subsection.12.1}{\376\377\000A\000f\000g\000e\000l\000e\000i\000d\000e\000n}{section.12}% 45
\BOOKMARK [2][-]{subsection.12.2}{\376\377\000D\000i\000f\000f\000e\000r\000e\000n\000t\000i\000a\000l\000e\000n}{section.12}% 46
\BOOKMARK [2][-]{subsection.12.3}{\376\377\000V\000e\000c\000t\000o\000r\000e\000n}{section.12}% 47
\BOOKMARK [2][-]{subsection.12.4}{\376\377\000V\000e\000r\000z\000a\000m\000e\000l\000i\000n\000g\000e\000n}{section.12}% 48
\BOOKMARK [2][-]{subsection.12.5}{\376\377\000A\000u\000t\000o\000-\000s\000c\000a\000l\000i\000n\000g\000\040\000H\000a\000a\000k\000j\000e\000s}{section.12}% 49
\BOOKMARK [1][-]{section.13}{\376\377\000R\000e\000f\000e\000r\000e\000n\000t\000i\000e\000s}{}% 50
\BOOKMARK [1][-]{section.14}{\376\377\000L\000a\000y\000o\000u\000t\000\040\000H\000u\000l\000p\000m\000i\000d\000d\000e\000l\000e\000n}{}% 51
\BOOKMARK [2][-]{subsection.14.1}{\376\377\000M\000i\000n\000i\000p\000a\000g\000e\000\040\040\024\000\040\000N\000a\000a\000s\000t\000\040\000E\000l\000k\000a\000a\000r}{section.14}% 52
\BOOKMARK [2][-]{subsection.14.2}{\376\377\000M\000e\000e\000r\000d\000e\000r\000e\000\040\000K\000o\000l\000o\000m\000m\000e\000n}{section.14}% 53
\BOOKMARK [1][-]{section.15}{\376\377\000H\000a\000n\000d\000i\000g\000e\000\040\000C\000o\000m\000m\000a\000n\000d\000o\000'\000s}{}% 54
\BOOKMARK [2][-]{subsection.15.1}{\376\377\000T\000O\000D\000O\000\040\000M\000a\000r\000k\000e\000r\000s}{section.15}% 55
\BOOKMARK [2][-]{subsection.15.2}{\376\377\000G\000r\000a\000d\000e\000n}{section.15}% 56
\BOOKMARK [2][-]{subsection.15.3}{\376\377\000C\000h\000e\000m\000i\000s\000c\000h\000e\000\040\000F\000o\000r\000m\000u\000l\000e\000s}{section.15}% 57
\BOOKMARK [1][-]{section.16}{\376\377\000T\000i\000p\000s\000\040\000v\000o\000o\000r\000\040\000S\000a\000m\000e\000n\000v\000a\000t\000t\000i\000n\000g\000e\000n}{}% 58
\BOOKMARK [2][-]{subsection.16.1}{\376\377\000S\000t\000r\000u\000c\000t\000u\000u\000r\000\040\000T\000e\000m\000p\000l\000a\000t\000e}{section.16}% 59
